  main.cpp
c:\users\matik\desktop\studia\pp\projekt\2048\szablon\szablon2\main.cpp(150): warning C4244: "argument": konwersja z "time_t" do "unsigned int", możliwa utrata danych
c:\users\matik\desktop\studia\pp\projekt\2048\szablon\szablon2\main.cpp(163): warning C4996: 'sprintf': This function or variable may be unsafe. Consider using sprintf_s instead. To disable deprecation, use _CRT_SECURE_NO_WARNINGS. See online help for details.
  c:\program files (x86)\windows kits\10\include\10.0.17134.0\ucrt\stdio.h(1774): note: zobacz deklarację „sprintf”
c:\users\matik\desktop\studia\pp\projekt\2048\szablon\szablon2\main.cpp(170): warning C4996: 'sprintf': This function or variable may be unsafe. Consider using sprintf_s instead. To disable deprecation, use _CRT_SECURE_NO_WARNINGS. See online help for details.
  c:\program files (x86)\windows kits\10\include\10.0.17134.0\ucrt\stdio.h(1774): note: zobacz deklarację „sprintf”
c:\users\matik\desktop\studia\pp\projekt\2048\szablon\szablon2\main.cpp(181): warning C4996: 'sprintf': This function or variable may be unsafe. Consider using sprintf_s instead. To disable deprecation, use _CRT_SECURE_NO_WARNINGS. See online help for details.
  c:\program files (x86)\windows kits\10\include\10.0.17134.0\ucrt\stdio.h(1774): note: zobacz deklarację „sprintf”
c:\users\matik\desktop\studia\pp\projekt\2048\szablon\szablon2\main.cpp(188): warning C4996: 'sprintf': This function or variable may be unsafe. Consider using sprintf_s instead. To disable deprecation, use _CRT_SECURE_NO_WARNINGS. See online help for details.
  c:\program files (x86)\windows kits\10\include\10.0.17134.0\ucrt\stdio.h(1774): note: zobacz deklarację „sprintf”
c:\users\matik\desktop\studia\pp\projekt\2048\szablon\szablon2\main.cpp(413): warning C4996: 'sprintf': This function or variable may be unsafe. Consider using sprintf_s instead. To disable deprecation, use _CRT_SECURE_NO_WARNINGS. See online help for details.
  c:\program files (x86)\windows kits\10\include\10.0.17134.0\ucrt\stdio.h(1774): note: zobacz deklarację „sprintf”
c:\users\matik\desktop\studia\pp\projekt\2048\szablon\szablon2\main.cpp(529): warning C4996: 'sprintf': This function or variable may be unsafe. Consider using sprintf_s instead. To disable deprecation, use _CRT_SECURE_NO_WARNINGS. See online help for details.
  c:\program files (x86)\windows kits\10\include\10.0.17134.0\ucrt\stdio.h(1774): note: zobacz deklarację „sprintf”
c:\users\matik\desktop\studia\pp\projekt\2048\szablon\szablon2\main.cpp(531): warning C4996: 'sprintf': This function or variable may be unsafe. Consider using sprintf_s instead. To disable deprecation, use _CRT_SECURE_NO_WARNINGS. See online help for details.
  c:\program files (x86)\windows kits\10\include\10.0.17134.0\ucrt\stdio.h(1774): note: zobacz deklarację „sprintf”
c:\users\matik\desktop\studia\pp\projekt\2048\szablon\szablon2\main.cpp(533): warning C4996: 'sprintf': This function or variable may be unsafe. Consider using sprintf_s instead. To disable deprecation, use _CRT_SECURE_NO_WARNINGS. See online help for details.
  c:\program files (x86)\windows kits\10\include\10.0.17134.0\ucrt\stdio.h(1774): note: zobacz deklarację „sprintf”
c:\users\matik\desktop\studia\pp\projekt\2048\szablon\szablon2\main.cpp(570): warning C4996: 'sprintf': This function or variable may be unsafe. Consider using sprintf_s instead. To disable deprecation, use _CRT_SECURE_NO_WARNINGS. See online help for details.
  c:\program files (x86)\windows kits\10\include\10.0.17134.0\ucrt\stdio.h(1774): note: zobacz deklarację „sprintf”
c:\users\matik\desktop\studia\pp\projekt\2048\szablon\szablon2\main.cpp(598): warning C4996: 'sprintf': This function or variable may be unsafe. Consider using sprintf_s instead. To disable deprecation, use _CRT_SECURE_NO_WARNINGS. See online help for details.
  c:\program files (x86)\windows kits\10\include\10.0.17134.0\ucrt\stdio.h(1774): note: zobacz deklarację „sprintf”
c:\users\matik\desktop\studia\pp\projekt\2048\szablon\szablon2\main.cpp(600): warning C4996: 'sprintf': This function or variable may be unsafe. Consider using sprintf_s instead. To disable deprecation, use _CRT_SECURE_NO_WARNINGS. See online help for details.
  c:\program files (x86)\windows kits\10\include\10.0.17134.0\ucrt\stdio.h(1774): note: zobacz deklarację „sprintf”
c:\users\matik\desktop\studia\pp\projekt\2048\szablon\szablon2\main.cpp(602): warning C4996: 'sprintf': This function or variable may be unsafe. Consider using sprintf_s instead. To disable deprecation, use _CRT_SECURE_NO_WARNINGS. See online help for details.
  c:\program files (x86)\windows kits\10\include\10.0.17134.0\ucrt\stdio.h(1774): note: zobacz deklarację „sprintf”
c:\users\matik\desktop\studia\pp\projekt\2048\szablon\szablon2\main.cpp(625): warning C4996: 'sprintf': This function or variable may be unsafe. Consider using sprintf_s instead. To disable deprecation, use _CRT_SECURE_NO_WARNINGS. See online help for details.
  c:\program files (x86)\windows kits\10\include\10.0.17134.0\ucrt\stdio.h(1774): note: zobacz deklarację „sprintf”
c:\users\matik\desktop\studia\pp\projekt\2048\szablon\szablon2\main.cpp(628): warning C4996: 'sprintf': This function or variable may be unsafe. Consider using sprintf_s instead. To disable deprecation, use _CRT_SECURE_NO_WARNINGS. See online help for details.
  c:\program files (x86)\windows kits\10\include\10.0.17134.0\ucrt\stdio.h(1774): note: zobacz deklarację „sprintf”
c:\users\matik\desktop\studia\pp\projekt\2048\szablon\szablon2\main.cpp(631): warning C4996: 'sprintf': This function or variable may be unsafe. Consider using sprintf_s instead. To disable deprecation, use _CRT_SECURE_NO_WARNINGS. See online help for details.
  c:\program files (x86)\windows kits\10\include\10.0.17134.0\ucrt\stdio.h(1774): note: zobacz deklarację „sprintf”
c:\users\matik\desktop\studia\pp\projekt\2048\szablon\szablon2\main.cpp(633): warning C4996: 'sprintf': This function or variable may be unsafe. Consider using sprintf_s instead. To disable deprecation, use _CRT_SECURE_NO_WARNINGS. See online help for details.
  c:\program files (x86)\windows kits\10\include\10.0.17134.0\ucrt\stdio.h(1774): note: zobacz deklarację „sprintf”
c:\users\matik\desktop\studia\pp\projekt\2048\szablon\szablon2\main.cpp(635): warning C4996: 'sprintf': This function or variable may be unsafe. Consider using sprintf_s instead. To disable deprecation, use _CRT_SECURE_NO_WARNINGS. See online help for details.
  c:\program files (x86)\windows kits\10\include\10.0.17134.0\ucrt\stdio.h(1774): note: zobacz deklarację „sprintf”
c:\users\matik\desktop\studia\pp\projekt\2048\szablon\szablon2\main.cpp(637): warning C4996: 'sprintf': This function or variable may be unsafe. Consider using sprintf_s instead. To disable deprecation, use _CRT_SECURE_NO_WARNINGS. See online help for details.
  c:\program files (x86)\windows kits\10\include\10.0.17134.0\ucrt\stdio.h(1774): note: zobacz deklarację „sprintf”
c:\users\matik\desktop\studia\pp\projekt\2048\szablon\szablon2\main.cpp(439): warning C4101: "etiSpeed": lokalna zmienna, do której nie istnieje odwołanie
  szablon2vs15.vcxproj -> C:\Users\Matik\Desktop\studia\pp\projekt\2048\szablon\szablon2\Debug\szablon2vs15.exe
